Added Component: Designator=C1(CAPR5-4X5)
Add component (AddParameter): Name = "PackageDescription"; Value = "Capacitor; 2 Leads"; VariantName = "[No Variations]"
Add component (AddParameter): Name = "PackageReference"; Value = "CAPR5-4X5"; VariantName = "[No Variations]"
Add component (AddParameter): Name = "Published"; Value = "23-Sep-2002"; VariantName = "[No Variations]"
Add component (AddParameter): Name = "Publisher"; Value = "Altium Limited"; VariantName = "[No Variations]"
Add component (AddParameter): Name = "Value"; Value = "100pF"; VariantName = "[No Variations]"
Added Component: Designator=C2(CAPR5-4X5)
Add component (AddParameter): Name = "PackageDescription"; Value = "Capacitor; 2 Leads"; VariantName = "[No Variations]"
Add component (AddParameter): Name = "PackageReference"; Value = "CAPR5-4X5"; VariantName = "[No Variations]"
Add component (AddParameter): Name = "Published"; Value = "23-Sep-2002"; VariantName = "[No Variations]"
Add component (AddParameter): Name = "Publisher"; Value = "Altium Limited"; VariantName = "[No Variations]"
Add component (AddParameter): Name = "Value"; Value = "100uF"; VariantName = "[No Variations]"
Added Component: Designator=T1(Terminal Block 2 pin)
Added Pin To Net: NetName=GND Pin=C1-2
Added Pin To Net: NetName=+5 Pin=C2-1
Added Pin To Net: NetName=GND Pin=S1-7
Added Pin To Net: NetName=GND Pin=S3-2
Added Pin To Net: NetName=GND Pin=S4-1
Added Pin To Net: NetName=+5 Pin=S4-2
Added Pin To Net: NetName=+5 Pin=S5-1
Added Pin To Net: NetName=GND Pin=S5-4
Added Pin To Net: NetName=GND Pin=T1-2
Added Pin To Net: NetName=GND Pin=U1-14
Added Pin To Net: NetName=GND Pin=U1-19
Added Pin To Net: NetName=NetS5_3 Pin=U2-2
Added Pin To Net: NetName=GND Pin=U2-10
Added Pin To Net: NetName=+3V3 Pin=S1-8
Added Pin To Net: NetName=+3V3 Pin=S2-1
Added Pin To Net: NetName=+3V3 Pin=S3-1
Added Pin To Net: NetName=+3V3 Pin=U1-2
Added Pin To Net: NetName=+3V3 Pin=U2-1
Added Net: Name=+3V3
Added Pin To Net: NetName=NetC1_1 Pin=C1-1
Added Pin To Net: NetName=NetC1_1 Pin=T1-1
Added Pin To Net: NetName=NetC1_1 Pin=V1-1
Added Net: Name=NetC1_1
Added Pin To Net: NetName=NetS1_1 Pin=S1-1
Added Pin To Net: NetName=NetS1_1 Pin=U1-20
Added Net: Name=NetS1_1
Added Pin To Net: NetName=NetS1_5 Pin=S1-5
Added Pin To Net: NetName=NetS1_5 Pin=S2-4
Added Pin To Net: NetName=NetS1_5 Pin=S3-4
Added Pin To Net: NetName=NetS1_5 Pin=U1-8
Added Net: Name=NetS1_5
Added Pin To Net: NetName=NetS1_6 Pin=S1-6
Added Pin To Net: NetName=NetS1_6 Pin=S2-3
Added Pin To Net: NetName=NetS1_6 Pin=S3-3
Added Pin To Net: NetName=NetS1_6 Pin=U1-9
Added Net: Name=NetS1_6
Added Pin To Net: NetName=NetS4_3 Pin=S4-3
Added Pin To Net: NetName=NetS4_3 Pin=U1-30
Added Net: Name=NetS4_3
Added Pin To Net: NetName=NetS4_4 Pin=S4-4
Added Pin To Net: NetName=NetS4_4 Pin=U1-29
Added Net: Name=NetS4_4
Added Pin To Net: NetName=NetS4_5 Pin=S4-5
Added Pin To Net: NetName=NetS4_5 Pin=U1-1
Added Net: Name=NetS4_5
Added Pin To Net: NetName=NetS4_6 Pin=S4-6
Added Pin To Net: NetName=NetS4_6 Pin=U1-22
Added Net: Name=NetS4_6
Added Pin To Net: NetName=NetS5_2 Pin=S5-2
Added Pin To Net: NetName=NetS5_2 Pin=U1-16
Added Pin To Net: NetName=NetS5_2 Pin=U2-3
Added Net: Name=NetS5_2
Added Member To Class: ClassName=Sheet1 Member=Component C1 Cap2
Added Member To Class: ClassName=Sheet1 Member=Component C2 Cap2
Added Member To Class: ClassName=Sheet1 Member=Component T1 Terminal Block 2 pin
